00:00:00.007742 main     VirtualBox COM Server 7.0.14 r161095 win.amd64 (Jan 15 2024 14:59:30) release log
00:00:00.007745 main     Log opened 2024-06-15T19:13:28.713500500Z
00:00:00.007746 main     Build Type: release
00:00:00.007754 main     OS Product: Windows 10
00:00:00.007756 main     OS Release: 10.0.19045
00:00:00.007757 main     OS Service Pack: 
00:00:00.054258 main     DMI Product Name: HP Laptop 15s-eq2xxx
00:00:00.075818 main     DMI Product Version:  
00:00:00.076158 main     Firmware type: UEFI
00:00:00.077188 main     Secure Boot: VERR_PRIVILEGE_NOT_HELD
00:00:00.078880 main     Host RAM: 7521MB (7.3GB) total, 861MB available
00:00:00.078889 main     Executable: C:\Program Files\Oracle\VirtualBox\VBoxSVC.exe
00:00:00.078890 main     Process ID: 26548
00:00:00.078891 main     Package type: WINDOWS_64BITS_GENERIC
00:00:00.184846          VirtualBox: object creation starts
00:00:00.187960          Home directory: 'C:\Users\user\.VirtualBox'
00:00:00.189761          Installed Drivers:
00:00:00.199498            C:\Windows\system32\DRIVERS\VBoxNetLwf.sys (Version: 7.0.14.11095)
00:00:00.202757            C:\Windows\system32\DRIVERS\VBoxUSBMon.sys (Version: 7.0.14.11095)
00:00:00.204211            C:\Windows\system32\DRIVERS\VBoxSup.sys (Version: 7.0.14.11095)
00:00:00.206835            C:\Windows\system32\DRIVERS\VBoxNetAdp6.sys (Version: 7.0.14.11095)
00:00:00.236615          Loading settings file "C:\Users\user\.VirtualBox\VirtualBox.xml" with version "1.12-windows"
00:00:00.248309          usbLibGetDevices: Starting USB device enumeration
00:00:00.258304          Getting USB descriptor (id 0) failed (dwErr=31) on hub USB#ROOT_HUB30#5&1e8358e3&0&0#{f18a0e88-c30c-11d0-8815-00a0c906bed8} port 3
00:00:00.258457          Getting USB descriptor (id 0) failed (dwErr=31) on hub USB#ROOT_HUB30#5&1e8358e3&0&0#{f18a0e88-c30c-11d0-8815-00a0c906bed8} port 4
00:00:00.261839          usbLibGetDevices: Found 3 USB devices, 0 captured
00:00:00.263315          USB: Unknown USB device detected (idVendor: 0x0408, idProduct: 0x5365)
00:00:00.263993          USB: Unknown USB device detected (idVendor: 0x0bda, idProduct: 0xb00c)
00:00:00.346197          HostDnsMonitor: initializing
00:00:00.358056          HostDnsMonitor: updating information
00:00:00.358847          HostDnsMonitor: old information
00:00:00.358849            no server entries
00:00:00.358850            no domain set
00:00:00.358851            no search string entries
00:00:00.358852          HostDnsMonitor: new information
00:00:00.358853            server 1: 192.168.0.1
00:00:00.358854            no domain set
00:00:00.358854            no search string entries
00:00:00.441507          VD: VDInit finished with VINF_SUCCESS
00:00:00.467114          Loading settings file "C:\Users\user\VirtualBox VMs\daVID\daVID.vbox" with version "1.19-windows"
00:00:00.475580          VirtualBox: object created
00:00:00.594541          Saving settings file "C:\Users\user\.VirtualBox\VirtualBox.xml" with version "1.12-windows"
00:00:00.598634          Finished saving settings file "C:\Users\user\.VirtualBox\VirtualBox.xml"
00:00:00.598943          Saving settings file "C:\Users\user\.VirtualBox\VirtualBox.xml" with version "1.12-windows"
00:00:00.602853          Finished saving settings file "C:\Users\user\.VirtualBox\VirtualBox.xml"
00:00:00.603183          Saving settings file "C:\Users\user\.VirtualBox\VirtualBox.xml" with version "1.12-windows"
00:00:00.607694          Finished saving settings file "C:\Users\user\.VirtualBox\VirtualBox.xml"
00:00:03.173792          ERROR [COM]: aRC=VBOX_E_INVALID_VM_STATE (0x80bb0002) aIID={300763af-5d6b-46e6-aa96-273eac15538a} aComponent={MachineWrap} aText={The machine is not mutable (state is PoweredOff)}, preserve=false aResultDetail=0
00:00:13.184756 main     VirtualBox: object deletion starts
00:00:13.184857 main     ERROR [COM]: aRC=VBOX_E_OBJECT_IN_USE (0x80bb000c) aIID={ad47ad09-787b-44ab-b343-a082a3f2dfb1} aComponent={MediumWrap} aText={Medium 'C:\Users\user\VirtualBox VMs\daVID\daVID.vdi' cannot be closed because it is still attached to 1 virtual machines}, preserve=false aResultDetail=0
00:00:13.189395 main     HostDnsMonitor: shutting down ...
00:00:13.189465 main     HostDnsMonitor: shut down
00:00:13.192753 Watcher  ERROR [COM]: aRC=E_ACCESSDENIED (0x80070005) aIID={7682d5eb-f00e-44f1-8ca2-99d08b1cd607} aComponent={VirtualBoxWrap} aText={The object is not ready}, preserve=false aResultDetail=0
00:00:13.193349 main     VirtualBox: object deleted
